app/build/outputs/logs/manifest-merger-debug-report.txt
-- Merging decision tree log ---
manifest
ADDED from src\main\AndroidManifest.xml:2:1-135:12
	package
		ADDED from src\main\AndroidManifest.xml:3:5-37
		INJECTED from src\main\AndroidManifest.xml
		INJECTED from src\main\AndroidManifest.xml
	android:versionName
		ADDED from src\main\AndroidManifest.xml:6:5-30
		INJECTED from src\main\AndroidManifest.xml
		INJECTED from src\main\AndroidManifest.xml
	android:versionCode
		ADDED from src\main\AndroidManifest.xml:5:5-28
		INJECTED from src\main\AndroidManifest.xml
		INJECTED from src\main\AndroidManifest.xml
	xmlns:android
		ADDED from src\main\AndroidManifest.xml:4:5-63
uses-permission#android.permission.WAKE_LOCK
ADDED from src\main\AndroidManifest.xml:8:5-67
	android:name
		ADDED from src\main\AndroidManifest.xml:8:22-65
uses-permission#android.permission.GET_TASKS
ADDED from src\main\AndroidManifest.xml:10:5-67
	android:name
		ADDED from src\main\AndroidManifest.xml:10:22-65
uses-permission#android.permission.CHANGE_WIFI_STATE
ADDED from src\main\AndroidManifest.xml:12:5-75
	android:name
		ADDED from src\main\AndroidManifest.xml:12:22-73
uses-permission#android.permission.CAMERA
ADDED from src\main\AndroidManifest.xml:14:5-64
	android:name
		ADDED from src\main\AndroidManifest.xml:14:22-62
uses-permission#android.permission.MANAGE_ACCOUNTS
ADDED from src\main\AndroidManifest.xml:16:5-73
	android:name
		ADDED from src\main\AndroidManifest.xml:16:22-71
uses-permission#android.permission.BATTERY_STATS
ADDED from src\main\AndroidManifest.xml:18:5-71
	android:name
		ADDED from src\main\AndroidManifest.xml:18:22-69
uses-permission#android.permission.GET_ACCOUNTS
ADDED from src\main\AndroidManifest.xml:20:5-70
	android:name
		ADDED from src\main\AndroidManifest.xml:20:22-68
uses-permission#android.permission.INTERNET
ADDED from src\main\AndroidManifest.xml:22:5-66
	android:name
		ADDED from src\main\AndroidManifest.xml:22:22-64
uses-permission#android.permission.ACCESS_WIFI_STATE
ADDED from src\main\AndroidManifest.xml:24:5-75
	android:name
		ADDED from src\main\AndroidManifest.xml:24:22-73
uses-permission#android.permission.ACCESS_NETWORK_STATE
ADDED from src\main\AndroidManifest.xml:26:5-78
	android:name
		ADDED from src\main\AndroidManifest.xml:26:22-76
uses-permission#android.permission.READ_PHONE_STATE
ADDED from src\main\AndroidManifest.xml:28:5-74
	android:name
		ADDED from src\main\AndroidManifest.xml:28:22-72
uses-permission#android.permission.WRITE_EXTERNAL_STORAGE
ADDED from src\main\AndroidManifest.xml:29:5-80
	android:name
		ADDED from src\main\AndroidManifest.xml:29:22-78
uses-permission#android.permission.READ_LOGS
ADDED from src\main\AndroidManifest.xml:31:5-67
	android:name
		ADDED from src\main\AndroidManifest.xml:31:22-65
uses-permission#android.permission.ACCESS_COARSE_LOCATION
ADDED from src\main\AndroidManifest.xml:33:1-93
	android:name
		ADDED from src\main\AndroidManifest.xml:33:18-74
uses-permission#android.permission.ACCESS_FINE_LOCATION
ADDED from src\main\AndroidManifest.xml:35:1-91
	android:name
		ADDED from src\main\AndroidManifest.xml:35:18-72
uses-permission#android.permission.MOUNT_UNMOUNT_FILESYSTEMS
ADDED from src\main\AndroidManifest.xml:37:1-96
	android:name
		ADDED from src\main\AndroidManifest.xml:37:18-77
uses-permission#android.permission.WRITE_SETTINGS
ADDED from src\main\AndroidManifest.xml:38:2-86
	android:name
		ADDED from src\main\AndroidManifest.xml:38:19-67
uses-sdk
ADDED from src\main\AndroidManifest.xml:40:2-42:40
	android:targetSdkVersion
		ADDED from src\main\AndroidManifest.xml:42:9-38
		INJECTED from src\main\AndroidManifest.xml
		INJECTED from src\main\AndroidManifest.xml
	android:minSdkVersion
		ADDED from src\main\AndroidManifest.xml:41:9-35
		INJECTED from src\main\AndroidManifest.xml
		INJECTED from src\main\AndroidManifest.xml
application
ADDED from src\main\AndroidManifest.xml:44:5-133:19
	android:label
		ADDED from src\main\AndroidManifest.xml:47:9-41
	android:allowBackup
		ADDED from src\main\AndroidManifest.xml:45:9-35
	android:icon
		ADDED from src\main\AndroidManifest.xml:46:9-38
	android:theme
		ADDED from src\main\AndroidManifest.xml:48:9-68
activity#com.click369.pedometer.ui.activity.WelcomeActivity
ADDED from src\main\AndroidManifest.xml:49:9-59:20
	android:screenOrientation
		ADDED from src\main\AndroidManifest.xml:52:13-49
	android:label
		ADDED from src\main\AndroidManifest.xml:51:13-45
	android:theme
		ADDED from src\main\AndroidManifest.xml:53:13-71
	android:name
		ADDED from src\main\AndroidManifest.xml:50:13-56
intent-filter#android.intent.action.MAIN+android.intent.category.LAUNCHER
ADDED from src\main\AndroidManifest.xml:54:13-58:29
action#android.intent.action.MAIN
ADDED from src\main\AndroidManifest.xml:55:17-68
	android:name
		ADDED from src\main\AndroidManifest.xml:55:25-66
category#android.intent.category.LAUNCHER
ADDED from src\main\AndroidManifest.xml:57:17-76
	android:name
		ADDED from src\main\AndroidManifest.xml:57:27-74
activity#com.mob.tools.MobUIShell
ADDED from src\main\AndroidManifest.xml:62:10-81:13
	android:screenOrientation
		ADDED from src\main\AndroidManifest.xml:66:8-44
	android:windowSoftInputMode
		ADDED from src\main\AndroidManifest.xml:67:8-62
	android:configChanges
		ADDED from src\main\AndroidManifest.xml:65:8-69
	android:theme
		ADDED from src\main\AndroidManifest.xml:64:8-67
	android:name
		ADDED from src\main\AndroidManifest.xml:63:8-47
intent-filter#android.intent.action.VIEW+android.intent.category.BROWSABLE+android.intent.category.DEFAULT
ADDED from src\main\AndroidManifest.xml:69:6-74:22
data
ADDED from src\main\AndroidManifest.xml:70:10-52
	android:scheme
		ADDED from src\main\AndroidManifest.xml:70:16-49
action#android.intent.action.VIEW
ADDED from src\main\AndroidManifest.xml:71:10-62
	android:name
		ADDED from src\main\AndroidManifest.xml:71:18-59
category#android.intent.category.BROWSABLE
ADDED from src\main\AndroidManifest.xml:72:10-71
	android:name
		ADDED from src\main\AndroidManifest.xml:72:20-68
category#android.intent.category.DEFAULT
ADDED from src\main\AndroidManifest.xml:73:10-69
	android:name
		ADDED from src\main\AndroidManifest.xml:73:20-66
intent-filter#android.intent.category.DEFAULT+com.sina.weibo.sdk.action.ACTION_SDK_REQ_ACTIVITY
ADDED from src\main\AndroidManifest.xml:77:5-80:21
action#com.sina.weibo.sdk.action.ACTION_SDK_REQ_ACTIVITY
ADDED from src\main\AndroidManifest.xml:78:9-84
	android:name
		ADDED from src\main\AndroidManifest.xml:78:17-81
activity#com.click369.pedometer.wxapi.WXEntryActivity
ADDED from src\main\AndroidManifest.xml:83:6-88:46
	android:screenOrientation
		ADDED from src\main\AndroidManifest.xml:88:7-43
	android:exported
		ADDED from src\main\AndroidManifest.xml:87:7-30
	android:configChanges
		ADDED from src\main\AndroidManifest.xml:86:7-68
	android:theme
		ADDED from src\main\AndroidManifest.xml:85:7-66
	android:name
		ADDED from src\main\AndroidManifest.xml:84:7-44
activity#com.click369.pedometer.ui.fragment.PK.FragmentPK_set
ADDED from src\main\AndroidManifest.xml:95:9-97:51
	android:screenOrientation
		ADDED from src\main\AndroidManifest.xml:97:13-49
	android:name
		ADDED from src\main\AndroidManifest.xml:96:13-58
activity#com.click369.pedometer.ui.activity.MainActivity
ADDED from src\main\AndroidManifest.xml:98:9-100:51
	android:screenOrientation
		ADDED from src\main\AndroidManifest.xml:100:13-49
	android:name
		ADDED from src\main\AndroidManifest.xml:99:13-53
activity#com.click369.pedometer.ui.fragment.PK.FragmentPK_add
ADDED from src\main\AndroidManifest.xml:101:9-103:51
	android:screenOrientation
		ADDED from src\main\AndroidManifest.xml:103:13-49
	android:name
		ADDED from src\main\AndroidManifest.xml:102:13-58
activity#com.click369.pedometer.ui.activity.SetToTakePicActivity
ADDED from src\main\AndroidManifest.xml:104:9-106:74
	android:theme
		ADDED from src\main\AndroidManifest.xml:106:13-72
	android:name
		ADDED from src\main\AndroidManifest.xml:105:13-61
activity#cn.sharesdk.framework.ShareSDKUIShell
ADDED from src\main\AndroidManifest.xml:109:9-114:69
	android:screenOrientation
		ADDED from src\main\AndroidManifest.xml:112:13-49
	android:windowSoftInputMode
		ADDED from src\main\AndroidManifest.xml:114:13-67
	android:configChanges
		ADDED from src\main\AndroidManifest.xml:111:13-63
	android:theme
		ADDED from src\main\AndroidManifest.xml:113:13-72
	android:name
		ADDED from src\main\AndroidManifest.xml:110:13-65
service#com.click369.pedometer.service.StepService
ADDED from src\main\AndroidManifest.xml:116:9-86
	android:name
		ADDED from src\main\AndroidManifest.xml:116:18-75
service#com.click369.pedometer.service.AutoSaveService
ADDED from src\main\AndroidManifest.xml:117:9-90
	android:name
		ADDED from src\main\AndroidManifest.xml:117:18-79
service#com.click369.pedometer.service.MusicService
ADDED from src\main\AndroidManifest.xml:118:3-122:13
	android:enabled
		ADDED from src\main\AndroidManifest.xml:118:12-34
	android:name
		ADDED from src\main\AndroidManifest.xml:118:35-93
intent-filter#musicService
ADDED from src\main\AndroidManifest.xml:119:4-121:20
action#musicService
ADDED from src\main\AndroidManifest.xml:120:5-43
	android:name
		ADDED from src\main\AndroidManifest.xml:120:13-40
receiver#com.click369.pedometer.receiver.AutoSaveReceiver
ADDED from src\main\AndroidManifest.xml:123:9-128:20
	android:name
		ADDED from src\main\AndroidManifest.xml:123:19-82
intent-filter#android.intent.action.DATE_CHANGED
ADDED from src\main\AndroidManifest.xml:124:13-127:29
action#android.intent.action.DATE_CHANGED
ADDED from src\main\AndroidManifest.xml:125:17-76
	android:name
		ADDED from src\main\AndroidManifest.xml:125:25-74
service#com.baidu.location.f
ADDED from src\main\AndroidManifest.xml:129:9-130:13
	android:enabled
		ADDED from src\main\AndroidManifest.xml:129:54-76
	android:process
		ADDED from src\main\AndroidManifest.xml:129:77-102
	android:name
		ADDED from src\main\AndroidManifest.xml:129:18-53
meta-data#com.baidu.lbsapi.API_KEY
ADDED from src\main\AndroidManifest.xml:131:3-132:96
	android:value
		ADDED from src\main\AndroidManifest.xml:132:53-93
	android:name
		ADDED from src\main\AndroidManifest.xml:132:13-52